2024-03-04T16:02:44.356Z - info: [12:02:44 am] Reload for file change: C:\repos\nus-cs2103\cs2103-website-base\_course-TIC2002\mid-semester-survey-results.md
2024-03-04T16:02:44.377Z - info: Synchronizing opened pages list before reload
2024-03-04T16:02:44.377Z - info: Current opened pages, from most-to-least recent:
2024-03-04T16:02:44.377Z - info: 1. admin/mid-semester-survey-results
2024-03-04T16:02:44.377Z - info: 2. index
2024-03-04T16:02:45.388Z - info: Rebuilding 1 pages
2024-03-04T16:02:45.503Z - info: Site data built
2024-03-04T16:02:45.504Z - info: Pages rebuilt
2024-03-04T16:02:45.504Z - info: Website regeneration complete! Total build time: 0.118s
2024-03-04T16:05:23.003Z - info: [12:05:23 am] Reload for file change: C:\repos\nus-cs2103\cs2103-website-base\_course-TIC2002\mid-semester-survey-results.md
2024-03-04T16:05:23.004Z - info: Synchronizing opened pages list before reload
2024-03-04T16:05:23.004Z - info: Current opened pages, from most-to-least recent:
2024-03-04T16:05:23.004Z - info: 1. admin/mid-semester-survey-results
2024-03-04T16:05:23.004Z - info: 2. index
2024-03-04T16:05:24.014Z - info: Rebuilding 1 pages
2024-03-04T16:05:24.119Z - info: Site data built
2024-03-04T16:05:24.119Z - info: Pages rebuilt
2024-03-04T16:05:24.119Z - info: Website regeneration complete! Total build time: 0.106s
2024-03-04T16:06:53.712Z - info: [12:06:53 am] Reload for file change: C:\repos\nus-cs2103\cs2103-website-base\_course-TIC2002\mid-semester-survey-results.md
2024-03-04T16:06:53.712Z - info: Synchronizing opened pages list before reload
2024-03-04T16:06:53.712Z - info: Current opened pages, from most-to-least recent:
2024-03-04T16:06:53.712Z - info: 1. admin/mid-semester-survey-results
2024-03-04T16:06:53.712Z - info: 2. index
2024-03-04T16:06:54.719Z - info: Rebuilding 1 pages
2024-03-04T16:06:54.825Z - info: Site data built
2024-03-04T16:06:54.826Z - info: Pages rebuilt
2024-03-04T16:06:54.826Z - info: Website regeneration complete! Total build time: 0.108s
2024-03-04T16:07:14.838Z - info: [12:07:14 am] Reload for file change: C:\repos\nus-cs2103\cs2103-website-base\_course-TIC2002\mid-semester-survey-results.md
2024-03-04T16:07:14.838Z - info: Synchronizing opened pages list before reload
2024-03-04T16:07:14.838Z - info: Current opened pages, from most-to-least recent:
2024-03-04T16:07:14.838Z - info: 1. admin/mid-semester-survey-results
2024-03-04T16:07:14.838Z - info: 2. index
2024-03-04T16:07:15.848Z - info: Rebuilding 1 pages
2024-03-04T16:07:15.992Z - info: Site data built
2024-03-04T16:07:15.993Z - info: Pages rebuilt
2024-03-04T16:07:15.993Z - info: Website regeneration complete! Total build time: 0.147s
2024-03-04T16:08:37.826Z - info: Website generation started at 12:08:35 am
2024-03-04T16:08:45.040Z - info: Building assets...
